0 info it worked if it ends with ok
1 verbose cli [ '/Users/ntscshen/.nvm/versions/node/v6.10.0/bin/node',
1 verbose cli   '/Users/ntscshen/.nvm/versions/node/v6.10.0/bin/npm',
1 verbose cli   'run',
1 verbose cli   'imgup' ]
2 info using npm@3.10.10
3 info using node@v6.10.0
4 verbose run-script [ 'preimgup', 'imgup', 'postimgup' ]
5 info lifecycle webpack-html-css-js-images-server@1.0.0~preimgup: webpack-html-css-js-images-server@1.0.0
6 silly lifecycle webpack-html-css-js-images-server@1.0.0~preimgup: no script for preimgup, continuing
7 info lifecycle webpack-html-css-js-images-server@1.0.0~imgup: webpack-html-css-js-images-server@1.0.0
8 verbose lifecycle webpack-html-css-js-images-server@1.0.0~imgup: unsafe-perm in lifecycle true
9 verbose lifecycle webpack-html-css-js-images-server@1.0.0~imgup: PATH: /Users/ntscshen/.nvm/versions/node/v6.10.0/lib/node_modules/npm/bin/node-gyp-bin:/Users/ntscshen/Desktop/webpack-html-css-js-images-server/node_modules/.bin:/Users/ntscshen/.nvm/versions/node/v6.10.0/bin:/Users/ntscshen/bin:/usr/local/bin:/Library/Frameworks/Python.framework/Versions/3.6/bin:/usr/local/bin:/usr/bin:/bin:/usr/sbin:/sbin:/Library/Frameworks/Mono.framework/Versions/Current/Commands
10 verbose lifecycle webpack-html-css-js-images-server@1.0.0~imgup: CWD: /Users/ntscshen/Desktop/webpack-html-css-js-images-server
11 silly lifecycle webpack-html-css-js-images-server@1.0.0~imgup: Args: [ '-c', 'gulp' ]
12 silly lifecycle webpack-html-css-js-images-server@1.0.0~imgup: Returned: code: 1  signal: null
13 info lifecycle webpack-html-css-js-images-server@1.0.0~imgup: Failed to exec imgup script
14 verbose stack Error: webpack-html-css-js-images-server@1.0.0 imgup: `gulp`
14 verbose stack Exit status 1
14 verbose stack     at EventEmitter.<anonymous> (/Users/ntscshen/.nvm/versions/node/v6.10.0/lib/node_modules/npm/lib/utils/lifecycle.js:255:16)
14 verbose stack     at emitTwo (events.js:106:13)
14 verbose stack     at EventEmitter.emit (events.js:191:7)
14 verbose stack     at ChildProcess.<anonymous> (/Users/ntscshen/.nvm/versions/node/v6.10.0/lib/node_modules/npm/lib/utils/spawn.js:40:14)
14 verbose stack     at emitTwo (events.js:106:13)
14 verbose stack     at ChildProcess.emit (events.js:191:7)
14 verbose stack     at maybeClose (internal/child_process.js:877:16)
14 verbose stack     at Process.ChildProcess._handle.onexit (internal/child_process.js:226:5)
15 verbose pkgid webpack-html-css-js-images-server@1.0.0
16 verbose cwd /Users/ntscshen/Desktop/webpack-html-css-js-images-server
17 error Darwin 16.4.0
18 error argv "/Users/ntscshen/.nvm/versions/node/v6.10.0/bin/node" "/Users/ntscshen/.nvm/versions/node/v6.10.0/bin/npm" "run" "imgup"
19 error node v6.10.0
20 error npm  v3.10.10
21 error code ELIFECYCLE
22 error webpack-html-css-js-images-server@1.0.0 imgup: `gulp`
22 error Exit status 1
23 error Failed at the webpack-html-css-js-images-server@1.0.0 imgup script 'gulp'.
23 error Make sure you have the latest version of node.js and npm installed.
23 error If you do, this is most likely a problem with the webpack-html-css-js-images-server package,
23 error not with npm itself.
23 error Tell the author that this fails on your system:
23 error     gulp
23 error You can get information on how to open an issue for this project with:
23 error     npm bugs webpack-html-css-js-images-server
23 error Or if that isn't available, you can get their info via:
23 error     npm owner ls webpack-html-css-js-images-server
23 error There is likely additional logging output above.
24 verbose exit [ 1, true ]
